<?xml version="1.0" encoding="UTF-8"?>
<!-- Generated by org.testng.reporters.JUnitReportReporter -->
<testsuite skipped="0" hostname="DESKTOP-KI7RP38" name="com.ibm.basetest.BaseTest" tests="1" failures="0" timestamp="09 Jan 2019 10:32:15 GMT" time="0.008" errors="0">
  <testcase name="LoginTest" time="0.008" classname="com.ibm.basetest.BaseTest"/>
</testsuite> <!-- com.ibm.basetest.BaseTest -->
